# JRE version: OpenJDK Runtime Environment Temurin-23+37 (23.0+37) (build 23+37)
# Java VM: OpenJDK 64-Bit Server VM Temurin-23+37 (23+37, mixed mode, sharing, tiered, compressed oops, compressed class ptrs, g1 gc, bsd-amd64)
Heap:
 garbage-first heap   total reserved 2097152K, committed 133120K, used 9027K [0x0000000780000000, 0x0000000800000000)
  region size 1024K, 6 young (6144K), 1 survivors (1024K)
 Metaspace       used 5526K, committed 5760K, reserved 1114112K
  class space    used 552K, committed 704K, reserved 1048576K
GC Heap History (10 events):
Event: 126.670 GC heap before
{Heap before GC invocations=0 (full 0):
 garbage-first heap   total reserved 2097152K, committed 133120K, used 27764K [0x0000000780000000, 0x0000000800000000)
  region size 1024K, 24 young (24576K), 0 survivors (0K)
 Metaspace       used 5520K, committed 5760K, reserved 1114112K
  class space    used 552K, committed 704K, reserved 1048576K
}
Event: 126.795 GC heap after
{Heap after GC invocations=1 (full 0):
 garbage-first heap   total reserved 2097152K, committed 133120K, used 4425K [0x0000000780000000, 0x0000000800000000)
  region size 1024K, 2 young (2048K), 2 survivors (2048K)
 Metaspace       used 5520K, committed 5760K, reserved 1114112K
  class space    used 552K, committed 704K, reserved 1048576K
}
Event: 221.025 GC heap before
{Heap before GC invocations=1 (full 0):
 garbage-first heap   total reserved 2097152K, committed 133120K, used 17737K [0x0000000780000000, 0x0000000800000000)
  region size 1024K, 15 young (15360K), 2 survivors (2048K)
 Metaspace       used 5522K, committed 5760K, reserved 1114112K
  class space    used 552K, committed 704K, reserved 1048576K
}
Event: 221.037 GC heap after
{Heap after GC invocations=2 (full 0):
 garbage-first heap   total reserved 2097152K, committed 133120K, used 4440K [0x0000000780000000, 0x0000000800000000)
  region size 1024K, 1 young (1024K), 1 survivors (1024K)
 Metaspace       used 5522K, committed 5760K, reserved 1114112K
  class space    used 552K, committed 704K, reserved 1048576K
}
Event: 515.186 GC heap before
{Heap before GC invocations=2 (full 0):
 garbage-first heap   total reserved 2097152K, committed 133120K, used 44376K [0x0000000780000000, 0x0000000800000000)
  region size 1024K, 40 young (40960K), 1 survivors (1024K)
 Metaspace       used 5526K, committed 5760K, reserved 1114112K
  class space    used 552K, committed 704K, reserved 1048576K
}
Event: 517.073 GC heap after
{Heap after GC invocations=3 (full 0):
 garbage-first heap   total reserved 2097152K, committed 133120K, used 4368K [0x0000000780000000, 0x0000000800000000)
  region size 1024K, 1 young (1024K), 1 survivors (1024K)
 Metaspace       used 5526K, committed 5760K, reserved 1114112K
  class space    used 552K, committed 704K, reserved 1048576K
}
Event: 584.828 GC heap before
{Heap before GC invocations=3 (full 0):
 garbage-first heap   total reserved 2097152K, committed 133120K, used 9488K [0x0000000780000000, 0x0000000800000000)
  region size 1024K, 6 young (6144K), 1 survivors (1024K)
 Metaspace       used 5526K, committed 5760K, reserved 1114112K
  class space    used 552K, committed 704K, reserved 1048576K
}
Event: 585.100 GC heap after
{Heap after GC invocations=4 (full 0):
 garbage-first heap   total reserved 2097152K, committed 133120K, used 4346K [0x0000000780000000, 0x0000000800000000)
  region size 1024K, 1 young (1024K), 1 survivors (1024K)
 Metaspace       used 5526K, committed 5760K, reserved 1114112K
  class space    used 552K, committed 704K, reserved 1048576K
}
Event: 648.704 GC heap before
{Heap before GC invocations=4 (full 0):
 garbage-first heap   total reserved 2097152K, committed 133120K, used 9466K [0x0000000780000000, 0x0000000800000000)
  region size 1024K, 6 young (6144K), 1 survivors (1024K)
 Metaspace       used 5526K, committed 5760K, reserved 1114112K
  class space    used 552K, committed 704K, reserved 1048576K
}
Event: 648.736 GC heap after
{Heap after GC invocations=5 (full 0):
 garbage-first heap   total reserved 2097152K, committed 133120K, used 4342K [0x0000000780000000, 0x0000000800000000)
  region size 1024K, 1 young (1024K), 1 survivors (1024K)
 Metaspace       used 5526K, committed 5760K, reserved 1114112K
  class space    used 552K, committed 704K, reserved 1048576K
}

